[2019-10-02 14:16:05] - DEBUG - REQUEST: PIECES 1 CADT 16 CADNT 4 CAND 8 NCAD 8 IRR 4
 
 generator 290@generate
[2019-10-02 14:16:05] - DEBUG - No CADT type found.(16 required, 0 found)
 palatal mutation of alveolar stops to postalveolar fricatives before front vowels ===== [alveolar,oral stop] -> [postalveolar,fricative,posterior,laminal,strident],[] /  _ [front,vowel] 
 ['p', 'b', 't', 'd', 'k', 'g', 't͡ʃ', 'd͡ʒ', 'f', 'v', 'θ', 'ð', 's', 'z', 'ʃ', 'ʒ', 'm', 'n', 'ŋ', 'r', 'l', 'w', 'j', 'i', 'e', 'o', 'u', 'a'] 
 ['[consonant]-[vowel]', '[consonant]-[vowel]-[consonant]', '[consonant]-[vowel]-[consonant]-[vowel]', '[consonant]-[vowel]-[consonant]-[consonant]-[vowel]', '[consonant]-[vowel]-[consonant]-[vowel]-[consonant]', '[consonant]-[vowel]-[consonant]-[consonant]-[vowel]-[consonant]'] 
 @920067112 
 generator 236@_generate_helper
[2019-10-02 14:16:05] - DEBUG - No NCAD type found.(8 required, 0 found)
 palatal mutation of alveolar stops to postalveolar fricatives before front vowels ===== [alveolar,oral stop] -> [postalveolar,fricative,posterior,laminal,strident],[] /  _ [front,vowel] 
 ['p', 'b', 't', 'd', 'k', 'g', 't͡ʃ', 'd͡ʒ', 'f', 'v', 'θ', 'ð', 's', 'z', 'ʃ', 'ʒ', 'm', 'n', 'ŋ', 'r', 'l', 'w', 'j', 'i', 'e', 'o', 'u', 'a'] 
 ['[consonant]-[vowel]', '[consonant]-[vowel]-[consonant]', '[consonant]-[vowel]-[consonant]-[vowel]', '[consonant]-[vowel]-[consonant]-[consonant]-[vowel]', '[consonant]-[vowel]-[consonant]-[vowel]-[consonant]', '[consonant]-[vowel]-[consonant]-[consonant]-[vowel]-[consonant]'] 
 @920067112 
 generator 236@_generate_helper
[2019-10-02 14:16:05] - DEBUG - 1ST GET: PCS_INDEX 0 CADT 0 CADNT 4 CAND 8 NCAD 0 IRR 4
 
 generator 315@generate
[2019-10-02 14:16:05] - WARNING - Condition Index 0 does not have any related data
 palatal mutation of alveolar stops to postalveolar fricatives before front vowels ===== [alveolar,oral stop] -> [postalveolar,fricative,posterior,laminal,strident],[] /  _ [front,vowel] 
 ['p', 'b', 't', 'd', 'k', 'g', 't͡ʃ', 'd͡ʒ', 'f', 'v', 'θ', 'ð', 's', 'z', 'ʃ', 'ʒ', 'm', 'n', 'ŋ', 'r', 'l', 'w', 'j', 'i', 'e', 'o', 'u', 'a'] 
 ['[consonant]-[vowel]', '[consonant]-[vowel]-[consonant]', '[consonant]-[vowel]-[consonant]-[vowel]', '[consonant]-[vowel]-[consonant]-[consonant]-[vowel]', '[consonant]-[vowel]-[consonant]-[vowel]-[consonant]', '[consonant]-[vowel]-[consonant]-[consonant]-[vowel]-[consonant]'] 
 @920067112 
 generator 319@generate
[2019-10-02 14:16:05] - INFO - No CADT found with associated phoneme! 
 palatal mutation of alveolar stops to postalveolar fricatives before front vowels ===== [alveolar,oral stop] -> [postalveolar,fricative,posterior,laminal,strident],[] /  _ [front,vowel] 
 ['p', 'b', 't', 'd', 'k', 'g', 't͡ʃ', 'd͡ʒ', 'f', 'v', 'θ', 'ð', 's', 'z', 'ʃ', 'ʒ', 'm', 'n', 'ŋ', 'r', 'l', 'w', 'j', 'i', 'e', 'o', 'u', 'a'] 
 ['[consonant]-[vowel]', '[consonant]-[vowel]-[consonant]', '[consonant]-[vowel]-[consonant]-[vowel]', '[consonant]-[vowel]-[consonant]-[consonant]-[vowel]', '[consonant]-[vowel]-[consonant]-[vowel]-[consonant]', '[consonant]-[vowel]-[consonant]-[consonant]-[vowel]-[consonant]'] 
 @920067112
 
 routes 56@_get_valid_data
[2019-10-02 14:16:06] - DEBUG - REQUEST: PIECES 1 CADT 16 CADNT 4 CAND 8 NCAD 8 IRR 4
 
 generator 290@generate
[2019-10-02 14:16:06] - DEBUG - No CADT type found.(16 required, 0 found)
 palatal mutation of alveolar stops to postalveolar fricatives before front vowels ===== [alveolar,oral stop] -> [postalveolar,fricative,posterior,laminal,strident],[] /  _ [front,vowel] 
 ['p', 'b', 't', 'd', 'k', 'g', 'ʔ', 'f', 'v', 'θ', 'ð', 's', 'z', 'ʃ', 'ʒ', 'm', 'n', 'r', 'l', 'w', 'i', 'ɛ', 'ɔ', 'u', 'a'] 
 ['[consonant]-[vowel]', '[consonant]-[vowel]-[consonant]', '[consonant]-[vowel]-[consonant]-[vowel]', '[consonant]-[vowel]-[consonant]-[consonant]-[vowel]', '[consonant]-[vowel]-[consonant]-[vowel]-[consonant]', '[consonant]-[vowel]-[consonant]-[consonant]-[vowel]-[consonant]'] 
 @672082733 
 generator 236@_generate_helper
[2019-10-02 14:16:06] - DEBUG - No NCAD type found.(8 required, 0 found)
 palatal mutation of alveolar stops to postalveolar fricatives before front vowels ===== [alveolar,oral stop] -> [postalveolar,fricative,posterior,laminal,strident],[] /  _ [front,vowel] 
 ['p', 'b', 't', 'd', 'k', 'g', 'ʔ', 'f', 'v', 'θ', 'ð', 's', 'z', 'ʃ', 'ʒ', 'm', 'n', 'r', 'l', 'w', 'i', 'ɛ', 'ɔ', 'u', 'a'] 
 ['[consonant]-[vowel]', '[consonant]-[vowel]-[consonant]', '[consonant]-[vowel]-[consonant]-[vowel]', '[consonant]-[vowel]-[consonant]-[consonant]-[vowel]', '[consonant]-[vowel]-[consonant]-[vowel]-[consonant]', '[consonant]-[vowel]-[consonant]-[consonant]-[vowel]-[consonant]'] 
 @672082733 
 generator 236@_generate_helper
[2019-10-02 14:16:06] - DEBUG - 1ST GET: PCS_INDEX 0 CADT 0 CADNT 4 CAND 8 NCAD 0 IRR 4
 
 generator 315@generate
[2019-10-02 14:16:06] - WARNING - Condition Index 0 does not have any related data
 palatal mutation of alveolar stops to postalveolar fricatives before front vowels ===== [alveolar,oral stop] -> [postalveolar,fricative,posterior,laminal,strident],[] /  _ [front,vowel] 
 ['p', 'b', 't', 'd', 'k', 'g', 'ʔ', 'f', 'v', 'θ', 'ð', 's', 'z', 'ʃ', 'ʒ', 'm', 'n', 'r', 'l', 'w', 'i', 'ɛ', 'ɔ', 'u', 'a'] 
 ['[consonant]-[vowel]', '[consonant]-[vowel]-[consonant]', '[consonant]-[vowel]-[consonant]-[vowel]', '[consonant]-[vowel]-[consonant]-[consonant]-[vowel]', '[consonant]-[vowel]-[consonant]-[vowel]-[consonant]', '[consonant]-[vowel]-[consonant]-[consonant]-[vowel]-[consonant]'] 
 @672082733 
 generator 319@generate
[2019-10-02 14:16:06] - INFO - No CADT found with associated phoneme! 
 palatal mutation of alveolar stops to postalveolar fricatives before front vowels ===== [alveolar,oral stop] -> [postalveolar,fricative,posterior,laminal,strident],[] /  _ [front,vowel] 
 ['p', 'b', 't', 'd', 'k', 'g', 'ʔ', 'f', 'v', 'θ', 'ð', 's', 'z', 'ʃ', 'ʒ', 'm', 'n', 'r', 'l', 'w', 'i', 'ɛ', 'ɔ', 'u', 'a'] 
 ['[consonant]-[vowel]', '[consonant]-[vowel]-[consonant]', '[consonant]-[vowel]-[consonant]-[vowel]', '[consonant]-[vowel]-[consonant]-[consonant]-[vowel]', '[consonant]-[vowel]-[consonant]-[vowel]-[consonant]', '[consonant]-[vowel]-[consonant]-[consonant]-[vowel]-[consonant]'] 
 @672082733
 
 routes 56@_get_valid_data
[2019-10-02 14:16:07] - DEBUG - REQUEST: PIECES 1 CADT 16 CADNT 4 CAND 8 NCAD 8 IRR 4
 
 generator 290@generate
[2019-10-02 14:16:07] - DEBUG - No CADT type found.(16 required, 0 found)
 palatal mutation of alveolar stops to postalveolar fricatives before front vowels ===== [alveolar,oral stop] -> [postalveolar,fricative,posterior,laminal,strident],[] /  _ [front,vowel] 
 ['p', 't', 'k', 't͡ʃ', 'f', 'θ', 's', 'ʃ', 'n', 'r', 'l', 'w', 'j', 'i', 'e', 'ɛ', 'o', 'u', 'a'] 
 ['[consonant]-[vowel]', '[consonant]-[vowel]-[consonant]', '[consonant]-[vowel]-[consonant]-[vowel]', '[consonant]-[vowel]-[consonant]-[consonant]-[vowel]', '[consonant]-[vowel]-[consonant]-[vowel]-[consonant]', '[consonant]-[vowel]-[consonant]-[consonant]-[vowel]-[consonant]'] 
 @893533825 
 generator 236@_generate_helper
[2019-10-02 14:16:08] - DEBUG - No NCAD type found.(8 required, 0 found)
 palatal mutation of alveolar stops to postalveolar fricatives before front vowels ===== [alveolar,oral stop] -> [postalveolar,fricative,posterior,laminal,strident],[] /  _ [front,vowel] 
 ['p', 't', 'k', 't͡ʃ', 'f', 'θ', 's', 'ʃ', 'n', 'r', 'l', 'w', 'j', 'i', 'e', 'ɛ', 'o', 'u', 'a'] 
 ['[consonant]-[vowel]', '[consonant]-[vowel]-[consonant]', '[consonant]-[vowel]-[consonant]-[vowel]', '[consonant]-[vowel]-[consonant]-[consonant]-[vowel]', '[consonant]-[vowel]-[consonant]-[vowel]-[consonant]', '[consonant]-[vowel]-[consonant]-[consonant]-[vowel]-[consonant]'] 
 @893533825 
 generator 236@_generate_helper
[2019-10-02 14:16:08] - DEBUG - 1ST GET: PCS_INDEX 0 CADT 0 CADNT 4 CAND 8 NCAD 0 IRR 4
 
 generator 315@generate
[2019-10-02 14:16:08] - WARNING - Condition Index 0 does not have any related data
 palatal mutation of alveolar stops to postalveolar fricatives before front vowels ===== [alveolar,oral stop] -> [postalveolar,fricative,posterior,laminal,strident],[] /  _ [front,vowel] 
 ['p', 't', 'k', 't͡ʃ', 'f', 'θ', 's', 'ʃ', 'n', 'r', 'l', 'w', 'j', 'i', 'e', 'ɛ', 'o', 'u', 'a'] 
 ['[consonant]-[vowel]', '[consonant]-[vowel]-[consonant]', '[consonant]-[vowel]-[consonant]-[vowel]', '[consonant]-[vowel]-[consonant]-[consonant]-[vowel]', '[consonant]-[vowel]-[consonant]-[vowel]-[consonant]', '[consonant]-[vowel]-[consonant]-[consonant]-[vowel]-[consonant]'] 
 @893533825 
 generator 319@generate
[2019-10-02 14:16:08] - INFO - No CADT found with associated phoneme! 
 palatal mutation of alveolar stops to postalveolar fricatives before front vowels ===== [alveolar,oral stop] -> [postalveolar,fricative,posterior,laminal,strident],[] /  _ [front,vowel] 
 ['p', 't', 'k', 't͡ʃ', 'f', 'θ', 's', 'ʃ', 'n', 'r', 'l', 'w', 'j', 'i', 'e', 'ɛ', 'o', 'u', 'a'] 
 ['[consonant]-[vowel]', '[consonant]-[vowel]-[consonant]', '[consonant]-[vowel]-[consonant]-[vowel]', '[consonant]-[vowel]-[consonant]-[consonant]-[vowel]', '[consonant]-[vowel]-[consonant]-[vowel]-[consonant]', '[consonant]-[vowel]-[consonant]-[consonant]-[vowel]-[consonant]'] 
 @893533825
 
 routes 56@_get_valid_data
[2019-10-02 14:16:09] - DEBUG - REQUEST: PIECES 1 CADT 16 CADNT 4 CAND 8 NCAD 8 IRR 4
 
 generator 290@generate
[2019-10-02 14:16:09] - DEBUG - No CADT type found.(16 required, 0 found)
 palatal mutation of alveolar stops to postalveolar fricatives before front vowels ===== [alveolar,oral stop] -> [postalveolar,fricative,posterior,laminal,strident],[] /  _ [front,vowel] 
 ['p', 'b', 't', 'd', 'k', 'g', 'ʔ', 't͡ʃ', 'd͡ʒ', 'f', 'v', 'θ', 'ð', 's', 'z', 'ʃ', 'ʒ', 'm', 'n', 'r', 'l', 'w', 'i', 'u', 'a'] 
 ['[consonant]-[vowel]', '[consonant]-[vowel]-[consonant]', '[consonant]-[vowel]-[consonant]-[vowel]', '[consonant]-[vowel]-[consonant]-[consonant]-[vowel]', '[consonant]-[vowel]-[consonant]-[vowel]-[consonant]', '[consonant]-[vowel]-[consonant]-[consonant]-[vowel]-[consonant]'] 
 @199741789 
 generator 236@_generate_helper
[2019-10-02 14:16:09] - DEBUG - No NCAD type found.(8 required, 0 found)
 palatal mutation of alveolar stops to postalveolar fricatives before front vowels ===== [alveolar,oral stop] -> [postalveolar,fricative,posterior,laminal,strident],[] /  _ [front,vowel] 
 ['p', 'b', 't', 'd', 'k', 'g', 'ʔ', 't͡ʃ', 'd͡ʒ', 'f', 'v', 'θ', 'ð', 's', 'z', 'ʃ', 'ʒ', 'm', 'n', 'r', 'l', 'w', 'i', 'u', 'a'] 
 ['[consonant]-[vowel]', '[consonant]-[vowel]-[consonant]', '[consonant]-[vowel]-[consonant]-[vowel]', '[consonant]-[vowel]-[consonant]-[consonant]-[vowel]', '[consonant]-[vowel]-[consonant]-[vowel]-[consonant]', '[consonant]-[vowel]-[consonant]-[consonant]-[vowel]-[consonant]'] 
 @199741789 
 generator 236@_generate_helper
[2019-10-02 14:16:09] - DEBUG - 1ST GET: PCS_INDEX 0 CADT 0 CADNT 4 CAND 8 NCAD 0 IRR 4
 
 generator 315@generate
[2019-10-02 14:16:09] - WARNING - Condition Index 0 does not have any related data
 palatal mutation of alveolar stops to postalveolar fricatives before front vowels ===== [alveolar,oral stop] -> [postalveolar,fricative,posterior,laminal,strident],[] /  _ [front,vowel] 
 ['p', 'b', 't', 'd', 'k', 'g', 'ʔ', 't͡ʃ', 'd͡ʒ', 'f', 'v', 'θ', 'ð', 's', 'z', 'ʃ', 'ʒ', 'm', 'n', 'r', 'l', 'w', 'i', 'u', 'a'] 
 ['[consonant]-[vowel]', '[consonant]-[vowel]-[consonant]', '[consonant]-[vowel]-[consonant]-[vowel]', '[consonant]-[vowel]-[consonant]-[consonant]-[vowel]', '[consonant]-[vowel]-[consonant]-[vowel]-[consonant]', '[consonant]-[vowel]-[consonant]-[consonant]-[vowel]-[consonant]'] 
 @199741789 
 generator 319@generate
[2019-10-02 14:16:09] - INFO - No CADT found with associated phoneme! 
 palatal mutation of alveolar stops to postalveolar fricatives before front vowels ===== [alveolar,oral stop] -> [postalveolar,fricative,posterior,laminal,strident],[] /  _ [front,vowel] 
 ['p', 'b', 't', 'd', 'k', 'g', 'ʔ', 't͡ʃ', 'd͡ʒ', 'f', 'v', 'θ', 'ð', 's', 'z', 'ʃ', 'ʒ', 'm', 'n', 'r', 'l', 'w', 'i', 'u', 'a'] 
 ['[consonant]-[vowel]', '[consonant]-[vowel]-[consonant]', '[consonant]-[vowel]-[consonant]-[vowel]', '[consonant]-[vowel]-[consonant]-[consonant]-[vowel]', '[consonant]-[vowel]-[consonant]-[vowel]-[consonant]', '[consonant]-[vowel]-[consonant]-[consonant]-[vowel]-[consonant]'] 
 @199741789
 
 routes 56@_get_valid_data
[2019-10-02 14:16:10] - DEBUG - REQUEST: PIECES 1 CADT 16 CADNT 4 CAND 8 NCAD 8 IRR 4
 
 generator 290@generate
[2019-10-02 14:16:10] - DEBUG - No CADT type found.(16 required, 0 found)
 palatal mutation of alveolar stops to postalveolar fricatives before front vowels ===== [alveolar,oral stop] -> [postalveolar,fricative,posterior,laminal,strident],[] /  _ [front,vowel] 
 ['p', 'b', 't', 'd', 'k', 'g', 'ʔ', 't͡ʃ', 'd͡ʒ', 's', 'ʃ', 'h', 'm', 'n', 'ŋ', 'j', 'i', 'e', 'ɛ', 'ɔ', 'o', 'a'] 
 ['[consonant]-[vowel]', '[consonant]-[vowel]-[consonant]', '[consonant]-[vowel]-[consonant]-[vowel]', '[consonant]-[vowel]-[consonant]-[consonant]-[vowel]', '[consonant]-[vowel]-[consonant]-[vowel]-[consonant]', '[consonant]-[vowel]-[consonant]-[consonant]-[vowel]-[consonant]'] 
 @838419042 
 generator 236@_generate_helper
[2019-10-02 14:16:10] - DEBUG - No NCAD type found.(8 required, 0 found)
 palatal mutation of alveolar stops to postalveolar fricatives before front vowels ===== [alveolar,oral stop] -> [postalveolar,fricative,posterior,laminal,strident],[] /  _ [front,vowel] 
 ['p', 'b', 't', 'd', 'k', 'g', 'ʔ', 't͡ʃ', 'd͡ʒ', 's', 'ʃ', 'h', 'm', 'n', 'ŋ', 'j', 'i', 'e', 'ɛ', 'ɔ', 'o', 'a'] 
 ['[consonant]-[vowel]', '[consonant]-[vowel]-[consonant]', '[consonant]-[vowel]-[consonant]-[vowel]', '[consonant]-[vowel]-[consonant]-[consonant]-[vowel]', '[consonant]-[vowel]-[consonant]-[vowel]-[consonant]', '[consonant]-[vowel]-[consonant]-[consonant]-[vowel]-[consonant]'] 
 @838419042 
 generator 236@_generate_helper
[2019-10-02 14:16:10] - DEBUG - 1ST GET: PCS_INDEX 0 CADT 0 CADNT 4 CAND 8 NCAD 0 IRR 4
 
 generator 315@generate
[2019-10-02 14:16:10] - WARNING - Condition Index 0 does not have any related data
 palatal mutation of alveolar stops to postalveolar fricatives before front vowels ===== [alveolar,oral stop] -> [postalveolar,fricative,posterior,laminal,strident],[] /  _ [front,vowel] 
 ['p', 'b', 't', 'd', 'k', 'g', 'ʔ', 't͡ʃ', 'd͡ʒ', 's', 'ʃ', 'h', 'm', 'n', 'ŋ', 'j', 'i', 'e', 'ɛ', 'ɔ', 'o', 'a'] 
 ['[consonant]-[vowel]', '[consonant]-[vowel]-[consonant]', '[consonant]-[vowel]-[consonant]-[vowel]', '[consonant]-[vowel]-[consonant]-[consonant]-[vowel]', '[consonant]-[vowel]-[consonant]-[vowel]-[consonant]', '[consonant]-[vowel]-[consonant]-[consonant]-[vowel]-[consonant]'] 
 @838419042 
 generator 319@generate
[2019-10-02 14:16:10] - INFO - No CADT found with associated phoneme! 
 palatal mutation of alveolar stops to postalveolar fricatives before front vowels ===== [alveolar,oral stop] -> [postalveolar,fricative,posterior,laminal,strident],[] /  _ [front,vowel] 
 ['p', 'b', 't', 'd', 'k', 'g', 'ʔ', 't͡ʃ', 'd͡ʒ', 's', 'ʃ', 'h', 'm', 'n', 'ŋ', 'j', 'i', 'e', 'ɛ', 'ɔ', 'o', 'a'] 
 ['[consonant]-[vowel]', '[consonant]-[vowel]-[consonant]', '[consonant]-[vowel]-[consonant]-[vowel]', '[consonant]-[vowel]-[consonant]-[consonant]-[vowel]', '[consonant]-[vowel]-[consonant]-[vowel]-[consonant]', '[consonant]-[vowel]-[consonant]-[consonant]-[vowel]-[consonant]'] 
 @838419042
 
 routes 56@_get_valid_data
[2019-10-02 14:16:11] - DEBUG - REQUEST: PIECES 1 CADT 16 CADNT 4 CAND 8 NCAD 8 IRR 4
 
 generator 290@generate
[2019-10-02 14:16:11] - DEBUG - No CADT type found.(16 required, 0 found)
 palatal mutation of alveolar stops to postalveolar fricatives before front vowels ===== [alveolar,oral stop] -> [postalveolar,fricative,posterior,laminal,strident],[] /  _ [front,vowel] 
 ['p', 'b', 't', 'd', 'k', 'g', 'f', 'v', 's', 'z', 'ʃ', 'ʒ', 'm', 'n', 'ŋ', 'j', 'i', 'ɪ', 'e', 'ɛ', 'o', 'ʊ', 'u', 'a'] 
 ['[consonant]-[vowel]', '[consonant]-[vowel]-[consonant]', '[consonant]-[vowel]-[consonant]-[vowel]', '[consonant]-[vowel]-[consonant]-[consonant]-[vowel]', '[consonant]-[vowel]-[consonant]-[vowel]-[consonant]', '[consonant]-[vowel]-[consonant]-[consonant]-[vowel]-[consonant]'] 
 @485300477 
 generator 236@_generate_helper
[2019-10-02 14:16:11] - DEBUG - No NCAD type found.(8 required, 0 found)
 palatal mutation of alveolar stops to postalveolar fricatives before front vowels ===== [alveolar,oral stop] -> [postalveolar,fricative,posterior,laminal,strident],[] /  _ [front,vowel] 
 ['p', 'b', 't', 'd', 'k', 'g', 'f', 'v', 's', 'z', 'ʃ', 'ʒ', 'm', 'n', 'ŋ', 'j', 'i', 'ɪ', 'e', 'ɛ', 'o', 'ʊ', 'u', 'a'] 
 ['[consonant]-[vowel]', '[consonant]-[vowel]-[consonant]', '[consonant]-[vowel]-[consonant]-[vowel]', '[consonant]-[vowel]-[consonant]-[consonant]-[vowel]', '[consonant]-[vowel]-[consonant]-[vowel]-[consonant]', '[consonant]-[vowel]-[consonant]-[consonant]-[vowel]-[consonant]'] 
 @485300477 
 generator 236@_generate_helper
[2019-10-02 14:16:11] - DEBUG - 1ST GET: PCS_INDEX 0 CADT 0 CADNT 4 CAND 8 NCAD 0 IRR 4
 
 generator 315@generate
[2019-10-02 14:16:11] - WARNING - Condition Index 0 does not have any related data
 palatal mutation of alveolar stops to postalveolar fricatives before front vowels ===== [alveolar,oral stop] -> [postalveolar,fricative,posterior,laminal,strident],[] /  _ [front,vowel] 
 ['p', 'b', 't', 'd', 'k', 'g', 'f', 'v', 's', 'z', 'ʃ', 'ʒ', 'm', 'n', 'ŋ', 'j', 'i', 'ɪ', 'e', 'ɛ', 'o', 'ʊ', 'u', 'a'] 
 ['[consonant]-[vowel]', '[consonant]-[vowel]-[consonant]', '[consonant]-[vowel]-[consonant]-[vowel]', '[consonant]-[vowel]-[consonant]-[consonant]-[vowel]', '[consonant]-[vowel]-[consonant]-[vowel]-[consonant]', '[consonant]-[vowel]-[consonant]-[consonant]-[vowel]-[consonant]'] 
 @485300477 
 generator 319@generate
[2019-10-02 14:16:11] - INFO - No CADT found with associated phoneme! 
 palatal mutation of alveolar stops to postalveolar fricatives before front vowels ===== [alveolar,oral stop] -> [postalveolar,fricative,posterior,laminal,strident],[] /  _ [front,vowel] 
 ['p', 'b', 't', 'd', 'k', 'g', 'f', 'v', 's', 'z', 'ʃ', 'ʒ', 'm', 'n', 'ŋ', 'j', 'i', 'ɪ', 'e', 'ɛ', 'o', 'ʊ', 'u', 'a'] 
 ['[consonant]-[vowel]', '[consonant]-[vowel]-[consonant]', '[consonant]-[vowel]-[consonant]-[vowel]', '[consonant]-[vowel]-[consonant]-[consonant]-[vowel]', '[consonant]-[vowel]-[consonant]-[vowel]-[consonant]', '[consonant]-[vowel]-[consonant]-[consonant]-[vowel]-[consonant]'] 
 @485300477
 
 routes 56@_get_valid_data
[2019-10-02 14:16:12] - DEBUG - REQUEST: PIECES 1 CADT 16 CADNT 4 CAND 8 NCAD 8 IRR 4
 
 generator 290@generate
[2019-10-02 14:16:12] - DEBUG - No CADT type found.(16 required, 0 found)
 palatal mutation of alveolar stops to postalveolar fricatives before front vowels ===== [alveolar,oral stop] -> [postalveolar,fricative,posterior,laminal,strident],[] /  _ [front,vowel] 
 ['p', 'b', 't', 'd', 'k', 'g', 'ʔ', 't͡ʃ', 'd͡ʒ', 'f', 's', 'ʃ', 'm', 'n', 'ŋ', 'l', 'w', 'j', 'i', 'ɛ', 'u', 'ə', 'a'] 
 ['[consonant]-[vowel]', '[consonant]-[vowel]-[consonant]', '[consonant]-[vowel]-[consonant]-[vowel]', '[consonant]-[vowel]-[consonant]-[consonant]-[vowel]', '[consonant]-[vowel]-[consonant]-[vowel]-[consonant]', '[consonant]-[vowel]-[consonant]-[consonant]-[vowel]-[consonant]'] 
 @864825912 
 generator 236@_generate_helper
[2019-10-02 14:16:12] - DEBUG - No NCAD type found.(8 required, 0 found)
 palatal mutation of alveolar stops to postalveolar fricatives before front vowels ===== [alveolar,oral stop] -> [postalveolar,fricative,posterior,laminal,strident],[] /  _ [front,vowel] 
 ['p', 'b', 't', 'd', 'k', 'g', 'ʔ', 't͡ʃ', 'd͡ʒ', 'f', 's', 'ʃ', 'm', 'n', 'ŋ', 'l', 'w', 'j', 'i', 'ɛ', 'u', 'ə', 'a'] 
 ['[consonant]-[vowel]', '[consonant]-[vowel]-[consonant]', '[consonant]-[vowel]-[consonant]-[vowel]', '[consonant]-[vowel]-[consonant]-[consonant]-[vowel]', '[consonant]-[vowel]-[consonant]-[vowel]-[consonant]', '[consonant]-[vowel]-[consonant]-[consonant]-[vowel]-[consonant]'] 
 @864825912 
 generator 236@_generate_helper
[2019-10-02 14:16:12] - DEBUG - 1ST GET: PCS_INDEX 0 CADT 0 CADNT 4 CAND 8 NCAD 0 IRR 4
 
 generator 315@generate
[2019-10-02 14:16:12] - WARNING - Condition Index 0 does not have any related data
 palatal mutation of alveolar stops to postalveolar fricatives before front vowels ===== [alveolar,oral stop] -> [postalveolar,fricative,posterior,laminal,strident],[] /  _ [front,vowel] 
 ['p', 'b', 't', 'd', 'k', 'g', 'ʔ', 't͡ʃ', 'd͡ʒ', 'f', 's', 'ʃ', 'm', 'n', 'ŋ', 'l', 'w', 'j', 'i', 'ɛ', 'u', 'ə', 'a'] 
 ['[consonant]-[vowel]', '[consonant]-[vowel]-[consonant]', '[consonant]-[vowel]-[consonant]-[vowel]', '[consonant]-[vowel]-[consonant]-[consonant]-[vowel]', '[consonant]-[vowel]-[consonant]-[vowel]-[consonant]', '[consonant]-[vowel]-[consonant]-[consonant]-[vowel]-[consonant]'] 
 @864825912 
 generator 319@generate
[2019-10-02 14:16:12] - ERROR -  
 routes 53@_get_valid_data
Traceback (most recent call last):
  File "C:\Users\accel\ProjectHome\phonogenesis-flask\app\routes.py", line 48, in _get_valid_data
    DEFAULT_DATA['gloss_grp'])
  File "C:\Users\accel\ProjectHome\phonogenesis-flask\script\generator.py", line 384, in generate
    raise GenerationNoCADTError(self)
script.generator.GenerationNoCADTError: No CADT found with associated phoneme! 
 palatal mutation of alveolar stops to postalveolar fricatives before front vowels ===== [alveolar,oral stop] -> [postalveolar,fricative,posterior,laminal,strident],[] /  _ [front,vowel] 
 ['p', 'b', 't', 'd', 'k', 'g', 'ʔ', 't͡ʃ', 'd͡ʒ', 'f', 's', 'ʃ', 'm', 'n', 'ŋ', 'l', 'w', 'j', 'i', 'ɛ', 'u', 'ə', 'a'] 
 ['[consonant]-[vowel]', '[consonant]-[vowel]-[consonant]', '[consonant]-[vowel]-[consonant]-[vowel]', '[consonant]-[vowel]-[consonant]-[consonant]-[vowel]', '[consonant]-[vowel]-[consonant]-[vowel]-[consonant]', '[consonant]-[vowel]-[consonant]-[consonant]-[vowel]-[consonant]'] 
 @864825912

[2019-10-02 14:16:12] - DEBUG - No data recorded (None). 
 routes 74@_get_valid_data
