 generator 290@generate
[2019-10-03 13:59:18] - DEBUG - No CADNT type found.(2 required, 0 found)
 regressive voicing assimilation in obstruents ===== [obstruent,voiceless] -> [voiced],[] /  _ [voiced,consonant] 
 ['p', 'b', 't', 'd', 'k', 'g', 't͡ʃ', 'd͡ʒ', 'f', 'v', 'θ', 'ð', 's', 'z', 'ʃ', 'ʒ', 'h', 'm', 'n', 'ŋ', 'r', 'l', 'j', 'i', 'e', 'u', 'ə', 'a'] 
 ['[consonant]-[vowel]', '[consonant]-[vowel]-[consonant]', '[consonant]-[vowel]-[consonant]-[vowel]', '[consonant]-[vowel]-[consonant]-[consonant]-[vowel]', '[consonant]-[vowel]-[consonant]-[vowel]-[consonant]', '[consonant]-[vowel]-[consonant]-[consonant]-[vowel]-[consonant]'] 
 @574369712 
 generator 236@_generate_helper
[2019-10-03 13:59:18] - DEBUG - No NCAD type found.(4 required, 0 found)
 regressive voicing assimilation in obstruents ===== [obstruent,voiceless] -> [voiced],[] /  _ [voiced,consonant] 
 ['p', 'b', 't', 'd', 'k', 'g', 't͡ʃ', 'd͡ʒ', 'f', 'v', 'θ', 'ð', 's', 'z', 'ʃ', 'ʒ', 'h', 'm', 'n', 'ŋ', 'r', 'l', 'j', 'i', 'e', 'u', 'ə', 'a'] 
 ['[consonant]-[vowel]', '[consonant]-[vowel]-[consonant]', '[consonant]-[vowel]-[consonant]-[vowel]', '[consonant]-[vowel]-[consonant]-[consonant]-[vowel]', '[consonant]-[vowel]-[consonant]-[vowel]-[consonant]', '[consonant]-[vowel]-[consonant]-[consonant]-[vowel]-[consonant]'] 
 @574369712 
 generator 236@_generate_helper
[2019-10-03 13:59:18] - DEBUG - 1ST GET: PCS_INDEX 0 CADT 8 CADNT 0 CAND 4 NCAD 0 IRR 2
 
 generator 315@generate
[2019-10-03 13:59:18] - DEBUG - 2ND GET: PCS_INDEX 0 CADT 10 CADNT 0 CAND 8 NCAD 0 IRR 2
 
 generator 350@generate
[2019-10-03 13:59:18] - DEBUG - Data recorded: 
UR [('fijne', 'we (incl)'), ('kih', 'eyelash'), ('keθru', 'belly'), ('tədja', 'arrive'), ('θet͡ʃva', 'they (masc)'), ('jufze', 'vinegar'), ('biljed͡ʒ', 'almond'), ('turek', 'baby'), ('d͡ʒuhvə', 'every'), ('θekðem', 'rain'), ('sipbə', 'few'), ('zuʃəʃ', 'lose'), ('sitrəh', 'hill'), ('ðiʃzid', 'smell'), ('babek', 'mother'), ('bikmaf', 'brain'), ('ʃasguk', 'morning'), ('ʒar', 'flesh'), ('θud͡ʒeh', 'person'), ('timug', 'cat')]
SR [('fijne', 'we (incl)'), ('kih', 'eyelash'), ('keðru', 'belly'), ('tədja', 'arrive'), ('θed͡ʒva', 'they (masc)'), ('juvze', 'vinegar'), ('biljed͡ʒ', 'almond'), ('turek', 'baby'), ('d͡ʒuɦvə', 'every'), ('θegðem', 'rain'), ('sibbə', 'few'), ('zuʃəʃ', 'lose'), ('sidrəh', 'hill'), ('ðiʒzid', 'smell'), ('babek', 'mother'), ('bigmaf', 'brain'), ('ʃazguk', 'morning'), ('ʒar', 'flesh'), ('θud͡ʒeh', 'person'), ('timug', 'cat')]
regressive voicing assimilation in obstruents ===== [obstruent,voiceless] -> [voiced],[] /  _ [voiced,consonant] 
 ['p', 'b', 't', 'd', 'k', 'g', 't͡ʃ', 'd͡ʒ', 'f', 'v', 'θ', 'ð', 's', 'z', 'ʃ', 'ʒ', 'h', 'm', 'n', 'ŋ', 'r', 'l', 'j', 'i', 'e', 'u', 'ə', 'a'] 
 ['[consonant]-[vowel]', '[consonant]-[vowel]-[consonant]', '[consonant]-[vowel]-[consonant]-[vowel]', '[consonant]-[vowel]-[consonant]-[consonant]-[vowel]', '[consonant]-[vowel]-[consonant]-[vowel]-[consonant]', '[consonant]-[vowel]-[consonant]-[consonant]-[vowel]-[consonant]'] 
 @574369712
 
 routes 74@_get_valid_data
[2019-10-03 14:08:37] - DEBUG - REQUEST: PIECES 1 CADT 8 CADNT 2 CAND 4 NCAD 4 IRR 2
 
 generator 290@generate
[2019-10-03 14:08:37] - DEBUG - No CADNT type found.(2 required, 0 found)
 palatal mutation of velar stops to alveolar affricates before high front vowels ===== [velar,oral stop] -> [coronal,alveolar,affricate,anterior,apical,strident],['backness', 'height'] /  _ [high,front,vowel] 
 ['p', 'b', 't', 'd', 'k', 'g', 'ʔ', 'f', 'v', 'θ', 'ð', 's', 'z', 'ʃ', 'ʒ', 'h', 'm', 'n', 'ŋ', 'l', 'w', 'i', 'e', 'ɔ', 'a'] 
 ['[consonant]-[vowel]', '[consonant]-[vowel]-[consonant]', '[consonant]-[vowel]-[consonant]-[vowel]', '[consonant]-[vowel]-[consonant]-[consonant]-[vowel]', '[consonant]-[vowel]-[consonant]-[vowel]-[consonant]', '[consonant]-[vowel]-[consonant]-[consonant]-[vowel]-[consonant]'] 
 @253558773 
 generator 236@_generate_helper
[2019-10-03 14:08:37] - DEBUG - No NCAD type found.(4 required, 0 found)
 palatal mutation of velar stops to alveolar affricates before high front vowels ===== [velar,oral stop] -> [coronal,alveolar,affricate,anterior,apical,strident],['backness', 'height'] /  _ [high,front,vowel] 
 ['p', 'b', 't', 'd', 'k', 'g', 'ʔ', 'f', 'v', 'θ', 'ð', 's', 'z', 'ʃ', 'ʒ', 'h', 'm', 'n', 'ŋ', 'l', 'w', 'i', 'e', 'ɔ', 'a'] 
 ['[consonant]-[vowel]', '[consonant]-[vowel]-[consonant]', '[consonant]-[vowel]-[consonant]-[vowel]', '[consonant]-[vowel]-[consonant]-[consonant]-[vowel]', '[consonant]-[vowel]-[consonant]-[vowel]-[consonant]', '[consonant]-[vowel]-[consonant]-[consonant]-[vowel]-[consonant]'] 
 @253558773 
 generator 236@_generate_helper
[2019-10-03 14:08:37] - DEBUG - 1ST GET: PCS_INDEX 0 CADT 8 CADNT 0 CAND 4 NCAD 0 IRR 2
 
 generator 315@generate
[2019-10-03 14:08:37] - DEBUG - 2ND GET: PCS_INDEX 0 CADT 10 CADNT 0 CAND 8 NCAD 0 IRR 2
 
 generator 350@generate
[2019-10-03 14:08:37] - DEBUG - Data recorded: 
UR [('dakɔz', 'beard'), ('gɔgi', 'dislike'), ('gaŋ', 'digest'), ('bɔlgi', 'laugh'), ('nɔke', 'evil'), ('ŋege', 'sibling'), ('ʃita', 'brown'), ('bɔhha', 'recline'), ('ŋɔk', 'snow'), ('kiwa', 'five'), ('kɔki', 'nostril'), ('tasgi', 'cantaloupe'), ('ʔezkig', 'lip'), ('ðegɔn', 'lentil'), ('gen', 'fish'), ('kaggik', 'full'), ('fakgi', 'vinegar'), ('ʃɔkiw', 'zero'), ('zɔvkɔ', 'boil'), ('kike', 'grey')]
SR [('dakɔz', 'beard'), ('gɔd͡zi', 'dislike'), ('gaŋ', 'digest'), ('bɔld͡zi', 'laugh'), ('nɔke', 'evil'), ('ŋege', 'sibling'), ('ʃita', 'brown'), ('bɔhha', 'recline'), ('ŋɔk', 'snow'), ('t͡siwa', 'five'), ('kɔt͡si', 'nostril'), ('tasd͡zi', 'cantaloupe'), ('ʔezt͡sig', 'lip'), ('ðegɔn', 'lentil'), ('gen', 'fish'), ('kagd͡zik', 'full'), ('fakd͡zi', 'vinegar'), ('ʃɔt͡siw', 'zero'), ('zɔvkɔ', 'boil'), ('t͡sike', 'grey')]
palatal mutation of velar stops to alveolar affricates before high front vowels ===== [velar,oral stop] -> [coronal,alveolar,affricate,anterior,apical,strident],['backness', 'height'] /  _ [high,front,vowel] 
 ['p', 'b', 't', 'd', 'k', 'g', 'ʔ', 'f', 'v', 'θ', 'ð', 's', 'z', 'ʃ', 'ʒ', 'h', 'm', 'n', 'ŋ', 'l', 'w', 'i', 'e', 'ɔ', 'a'] 
 ['[consonant]-[vowel]', '[consonant]-[vowel]-[consonant]', '[consonant]-[vowel]-[consonant]-[vowel]', '[consonant]-[vowel]-[consonant]-[consonant]-[vowel]', '[consonant]-[vowel]-[consonant]-[vowel]-[consonant]', '[consonant]-[vowel]-[consonant]-[consonant]-[vowel]-[consonant]'] 
 @253558773
 
 routes 74@_get_valid_data
[2019-10-03 14:08:46] - DEBUG - REQUEST: PIECES 1 CADT 8 CADNT 2 CAND 4 NCAD 4 IRR 2
 
 generator 290@generate
[2019-10-03 14:08:46] - DEBUG - No CADNT type found.(2 required, 0 found)
 word-final raising of low vowels ===== [low,vowel] -> [mid],[] /  _ # 
 ['p', 't', 'k', 'f', 'θ', 's', 'ʃ', 'm', 'n', 'ŋ', 'r', 'l', 'w', 'j', 'i', 'ɛ', 'u', 'æ', 'a', 'ɑ'] 
 ['[consonant]-[vowel]', '[consonant]-[vowel]-[consonant]', '[consonant]-[vowel]-[consonant]-[vowel]', '[consonant]-[vowel]-[consonant]-[consonant]-[vowel]', '[consonant]-[vowel]-[consonant]-[vowel]-[consonant]', '[consonant]-[vowel]-[consonant]-[consonant]-[vowel]-[consonant]'] 
 @735060452 
 generator 236@_generate_helper
[2019-10-03 14:08:46] - DEBUG - No NCAD type found.(4 required, 0 found)
 word-final raising of low vowels ===== [low,vowel] -> [mid],[] /  _ # 
 ['p', 't', 'k', 'f', 'θ', 's', 'ʃ', 'm', 'n', 'ŋ', 'r', 'l', 'w', 'j', 'i', 'ɛ', 'u', 'æ', 'a', 'ɑ'] 
 ['[consonant]-[vowel]', '[consonant]-[vowel]-[consonant]', '[consonant]-[vowel]-[consonant]-[vowel]', '[consonant]-[vowel]-[consonant]-[consonant]-[vowel]', '[consonant]-[vowel]-[consonant]-[vowel]-[consonant]', '[consonant]-[vowel]-[consonant]-[consonant]-[vowel]-[consonant]'] 
 @735060452 
 generator 236@_generate_helper
[2019-10-03 14:08:46] - DEBUG - 1ST GET: PCS_INDEX 0 CADT 8 CADNT 0 CAND 4 NCAD 0 IRR 2
 
 generator 315@generate
[2019-10-03 14:08:47] - DEBUG - 2ND GET: PCS_INDEX 0 CADT 10 CADNT 0 CAND 8 NCAD 0 IRR 2
 
 generator 350@generate
[2019-10-03 14:08:47] - DEBUG - Data recorded: 
UR [('lasla', 'midday '), ('waʃa', 'how'), ('fɑna', 'breakfast'), ('ʃatɑ', 'bend'), ('pisɑ', 'banana'), ('mæ', 'hate'), ('læθar', 'shoulder'), ('tɑŋlin', 'taste'), ('ju', 'elephant'), ('fæmkat', 'listen'), ('fɑlɑ', 'it'), ('tɑrlæ', 'we (dual)'), ('jaθæp', 'few'), ('θætθɛ', 'tree'), ('lækθɑ', 'cinnamon'), ('wɛk', 'arm'), ('fɑtwɑs', 'dirt'), ('lɛna', 'mosquito'), ('fɑrar', 'soup'), ('θæn', 'herring')]
SR [('laslə', 'midday '), ('waʃə', 'how'), ('fɑnə', 'breakfast'), ('ʃatʌ', 'bend'), ('pisʌ', 'banana'), ('mɛ', 'hate'), ('læθar', 'shoulder'), ('tɑŋlin', 'taste'), ('ju', 'elephant'), ('fæmkat', 'listen'), ('fɑlʌ', 'it'), ('tɑrlɛ', 'we (dual)'), ('jaθæp', 'few'), ('θætθɛ', 'tree'), ('lækθʌ', 'cinnamon'), ('wɛk', 'arm'), ('fɑtwɑs', 'dirt'), ('lɛnə', 'mosquito'), ('fɑrar', 'soup'), ('θæn', 'herring')]
word-final raising of low vowels ===== [low,vowel] -> [mid],[] /  _ # 
 ['p', 't', 'k', 'f', 'θ', 's', 'ʃ', 'm', 'n', 'ŋ', 'r', 'l', 'w', 'j', 'i', 'ɛ', 'u', 'æ', 'a', 'ɑ'] 
 ['[consonant]-[vowel]', '[consonant]-[vowel]-[consonant]', '[consonant]-[vowel]-[consonant]-[vowel]', '[consonant]-[vowel]-[consonant]-[consonant]-[vowel]', '[consonant]-[vowel]-[consonant]-[vowel]-[consonant]', '[consonant]-[vowel]-[consonant]-[consonant]-[vowel]-[consonant]'] 
 @735060452
 
 routes 74@_get_valid_data
[2019-10-03 14:08:52] - DEBUG - REQUEST: PIECES 1 CADT 16 CADNT 4 CAND 8 NCAD 8 IRR 4
 
 generator 290@generate
[2019-10-03 14:08:52] - DEBUG - No CADNT type found.(4 required, 0 found)
 regressive vowel nasalization ===== [vowel,oral] -> [nasal],[] /  _ [nasal] 
 ['p', 'b', 't', 'd', 'k', 'g', 'ʔ', 't͡ʃ', 'd͡ʒ', 'f', 'v', 'θ', 'ð', 's', 'z', 'ʃ', 'ʒ', 'm', 'n', 'ŋ', 'r', 'l', 'j', 'i', 'ɪ', 'e', 'ɛ', 'ɔ', 'o', 'ʊ', 'u', 'æ', 'a', 'ɑ'] 
 ['[consonant]-[vowel]', '[consonant]-[vowel]-[consonant]', '[consonant]-[vowel]-[consonant]-[vowel]', '[consonant]-[vowel]-[consonant]-[consonant]-[vowel]', '[consonant]-[vowel]-[consonant]-[vowel]-[consonant]', '[consonant]-[vowel]-[consonant]-[consonant]-[vowel]-[consonant]'] 
 @710882321 
 generator 236@_generate_helper
[2019-10-03 14:08:52] - DEBUG - No NCAD type found.(8 required, 0 found)
 regressive vowel nasalization ===== [vowel,oral] -> [nasal],[] /  _ [nasal] 
 ['p', 'b', 't', 'd', 'k', 'g', 'ʔ', 't͡ʃ', 'd͡ʒ', 'f', 'v', 'θ', 'ð', 's', 'z', 'ʃ', 'ʒ', 'm', 'n', 'ŋ', 'r', 'l', 'j', 'i', 'ɪ', 'e', 'ɛ', 'ɔ', 'o', 'ʊ', 'u', 'æ', 'a', 'ɑ'] 
 ['[consonant]-[vowel]', '[consonant]-[vowel]-[consonant]', '[consonant]-[vowel]-[consonant]-[vowel]', '[consonant]-[vowel]-[consonant]-[consonant]-[vowel]', '[consonant]-[vowel]-[consonant]-[vowel]-[consonant]', '[consonant]-[vowel]-[consonant]-[consonant]-[vowel]-[consonant]'] 
 @710882321 
 generator 236@_generate_helper
[2019-10-03 14:08:52] - DEBUG - No IRR type found.(4 required, 0 found)
 regressive vowel nasalization ===== [vowel,oral] -> [nasal],[] /  _ [nasal] 
 ['p', 'b', 't', 'd', 'k', 'g', 'ʔ', 't͡ʃ', 'd͡ʒ', 'f', 'v', 'θ', 'ð', 's', 'z', 'ʃ', 'ʒ', 'm', 'n', 'ŋ', 'r', 'l', 'j', 'i', 'ɪ', 'e', 'ɛ', 'ɔ', 'o', 'ʊ', 'u', 'æ', 'a', 'ɑ'] 
 ['[consonant]-[vowel]', '[consonant]-[vowel]-[consonant]', '[consonant]-[vowel]-[consonant]-[vowel]', '[consonant]-[vowel]-[consonant]-[consonant]-[vowel]', '[consonant]-[vowel]-[consonant]-[vowel]-[consonant]', '[consonant]-[vowel]-[consonant]-[consonant]-[vowel]-[consonant]'] 
 @710882321 
 generator 236@_generate_helper
[2019-10-03 14:08:52] - DEBUG - 1ST GET: PCS_INDEX 0 CADT 16 CADNT 0 CAND 8 NCAD 0 IRR 0
 
 generator 315@generate
[2019-10-03 14:08:52] - DEBUG - 2ND GET: PCS_INDEX 0 CADT 24 CADNT 0 CAND 16 NCAD 0 IRR 0
 
 generator 350@generate
[2019-10-03 14:08:53] - DEBUG - Data recorded: 
UR [('naŋkud', 'corn'), ('rʊs', 'argue'), ('dɑk', 'evening'), ('d͡ʒeʃɪn', 'fur'), ('kil', 'gecko'), ('limʊm', 'sun'), ('zɛrvon', 'beaver'), ('lɪdju', 'horn'), ('ŋon', 'resist'), ('zæbfes', 'rhinoceros'), ('ʃo', 'cod'), ('man', 'bumpy'), ('pɑ', 'nutmeg'), ('ʒaŋget͡ʃ', 'you (dual)'), ('θɛ', 'white'), ('juʃpæm', 'not'), ('dʊʃɛt͡ʃ', 'eyelid'), ('mɛŋsʊ', 'peanut'), ('t͡ʃunæ', 'she'), ('jurɛ', 'damp'), ('giʃɔn', 'smoke'), ('vun', 'when'), ('petdɛm', 'lose'), ('ʔemvɔ', 'vegetable'), ('lomlɔk', 'goose'), ('kʊmʔe', 'throat'), ('gæŋʊd', 'street'), ('θɔd', 'sibling'), ('pɔz', 'sit'), ('kæʔʃaf', 'hill'), ('gɪlʔi', 'hummus'), ('kiŋdɑd', 'punch'), ('kimθɛ', 'bite'), ('reθ', 'young'), ('ʒɛnʊ', 'cantaloupe'), ('θɔnka', 'warm'), ('ʃɪnʃun', 'blue/green'), ('tɛr', 'nostril'), ('seŋjɑt', 'mango'), ('kʊmðʊ', 'those')]
SR [('nãŋkud', 'corn'), ('rʊs', 'argue'), ('dɑk', 'evening'), ('d͡ʒeʃɪ̃n', 'fur'), ('kil', 'gecko'), ('lĩmʊ̃m', 'sun'), ('zɛrvõn', 'beaver'), ('lɪdju', 'horn'), ('ŋõn', 'resist'), ('zæbfes', 'rhinoceros'), ('ʃo', 'cod'), ('mãn', 'bumpy'), ('pɑ', 'nutmeg'), ('ʒãŋget͡ʃ', 'you (dual)'), ('θɛ', 'white'), ('juʃpæ̃m', 'not'), ('dʊʃɛt͡ʃ', 'eyelid'), ('mɛ̃ŋsʊ', 'peanut'), ('t͡ʃũnæ', 'she'), ('jurɛ', 'damp'), ('giʃɔ̃n', 'smoke'), ('vũn', 'when'), ('petdɛ̃m', 'lose'), ('ʔẽmvɔ', 'vegetable'), ('lõmlɔk', 'goose'), ('kʊ̃mʔe', 'throat'), ('gæ̃ŋʊd', 'street'), ('θɔd', 'sibling'), ('pɔz', 'sit'), ('kæʔʃaf', 'hill'), ('gɪlʔi', 'hummus'), ('kĩŋdɑd', 'punch'), ('kĩmθɛ', 'bite'), ('reθ', 'young'), ('ʒɛ̃nʊ', 'cantaloupe'), ('θɔ̃nka', 'warm'), ('ʃɪ̃nʃũn', 'blue/green'), ('tɛr', 'nostril'), ('sẽŋjɑt', 'mango'), ('kʊ̃mðʊ', 'those')]
regressive vowel nasalization ===== [vowel,oral] -> [nasal],[] /  _ [nasal] 
 ['p', 'b', 't', 'd', 'k', 'g', 'ʔ', 't͡ʃ', 'd͡ʒ', 'f', 'v', 'θ', 'ð', 's', 'z', 'ʃ', 'ʒ', 'm', 'n', 'ŋ', 'r', 'l', 'j', 'i', 'ɪ', 'e', 'ɛ', 'ɔ', 'o', 'ʊ', 'u', 'æ', 'a', 'ɑ'] 
 ['[consonant]-[vowel]', '[consonant]-[vowel]-[consonant]', '[consonant]-[vowel]-[consonant]-[vowel]', '[consonant]-[vowel]-[consonant]-[consonant]-[vowel]', '[consonant]-[vowel]-[consonant]-[vowel]-[consonant]', '[consonant]-[vowel]-[consonant]-[consonant]-[vowel]-[consonant]'] 
 @710882321
 
 routes 74@_get_valid_data
[2019-10-03 14:08:54] - INFO - No CADT found with associated phoneme! 
 uvularization of velars after back non-high vowels ===== [velar,consonant] -> [uvular,mid],[] / [back,mid,vowel] _  or [back,low,vowel] _  
 ['p', 'b', 't', 'd', 'k', 'g', 'ʔ', 'f', 'v', 'θ', 'ð', 's', 'z', 'ʃ', 'ʒ', 'h', 'n', 'ŋ', 'r', 'w', 'i', 'ɛ', 'u', 'ə', 'a'] 
 ['[consonant]-[vowel]', '[consonant]-[vowel]-[consonant]', '[consonant]-[vowel]-[consonant]-[vowel]', '[consonant]-[vowel]-[consonant]-[consonant]-[vowel]', '[consonant]-[vowel]-[consonant]-[vowel]-[consonant]', '[consonant]-[vowel]-[consonant]-[consonant]-[vowel]-[consonant]'] 
 @922967453
 
 routes 58@_get_valid_data
[2019-10-03 14:08:55] - DEBUG - REQUEST: PIECES 2 CADT 8 CADNT 2 CAND 4 NCAD 4 IRR 2
 
 generator 290@generate
[2019-10-03 14:08:55] - DEBUG - No CADNT type found.(2 required, 0 found)
 uvularization of velars after back non-high vowels ===== [velar,consonant] -> [uvular,mid],[] / [back,mid,vowel] _  or [back,low,vowel] _  
 ['p', 'b', 't', 'd', 'k', 'g', 'f', 's', 'ʃ', 'm', 'n', 'ŋ', 'l', 'w', 'i', 'e', 'ɛ', 'ɔ', 'u', 'ə', 'a'] 
 ['[consonant]-[vowel]', '[consonant]-[vowel]-[consonant]', '[consonant]-[vowel]-[consonant]-[vowel]', '[consonant]-[vowel]-[consonant]-[consonant]-[vowel]', '[consonant]-[vowel]-[consonant]-[vowel]-[consonant]', '[consonant]-[vowel]-[consonant]-[consonant]-[vowel]-[consonant]'] 
 @961737078 
 generator 236@_generate_helper
[2019-10-03 14:08:55] - DEBUG - No CAND type found.(4 required, 0 found)
 uvularization of velars after back non-high vowels ===== [velar,consonant] -> [uvular,mid],[] / [back,mid,vowel] _  or [back,low,vowel] _  
 ['p', 'b', 't', 'd', 'k', 'g', 'f', 's', 'ʃ', 'm', 'n', 'ŋ', 'l', 'w', 'i', 'e', 'ɛ', 'ɔ', 'u', 'ə', 'a'] 
 ['[consonant]-[vowel]', '[consonant]-[vowel]-[consonant]', '[consonant]-[vowel]-[consonant]-[vowel]', '[consonant]-[vowel]-[consonant]-[consonant]-[vowel]', '[consonant]-[vowel]-[consonant]-[vowel]-[consonant]', '[consonant]-[vowel]-[consonant]-[consonant]-[vowel]-[consonant]'] 
 @961737078 
 generator 236@_generate_helper
[2019-10-03 14:08:55] - DEBUG - 1ST GET: PCS_INDEX 0 CADT 8 CADNT 0 CAND 0 NCAD 4 IRR 2
 
 generator 315@generate
[2019-10-03 14:08:55] - DEBUG - 2ND GET: PCS_INDEX 0 CADT 10 CADNT 0 CAND 0 NCAD 8 IRR 2
 
 generator 350@generate
[2019-10-03 14:08:55] - DEBUG - No CADT type found.(8 required, 0 found)
 uvularization of velars after back non-high vowels ===== [velar,consonant] -> [uvular,mid],[] / [back,mid,vowel] _  or [back,low,vowel] _  
 ['p', 'b', 't', 'd', 'k', 'g', 'f', 's', 'ʃ', 'm', 'n', 'ŋ', 'l', 'w', 'i', 'e', 'ɛ', 'ɔ', 'u', 'ə', 'a'] 
 ['[consonant]-[vowel]', '[consonant]-[vowel]-[consonant]', '[consonant]-[vowel]-[consonant]-[vowel]', '[consonant]-[vowel]-[consonant]-[consonant]-[vowel]', '[consonant]-[vowel]-[consonant]-[vowel]-[consonant]', '[consonant]-[vowel]-[consonant]-[consonant]-[vowel]-[consonant]'] 
 @961737078 
 generator 236@_generate_helper
[2019-10-03 14:08:55] - DEBUG - No CADNT type found.(2 required, 0 found)
 uvularization of velars after back non-high vowels ===== [velar,consonant] -> [uvular,mid],[] / [back,mid,vowel] _  or [back,low,vowel] _  
 ['p', 'b', 't', 'd', 'k', 'g', 'f', 's', 'ʃ', 'm', 'n', 'ŋ', 'l', 'w', 'i', 'e', 'ɛ', 'ɔ', 'u', 'ə', 'a'] 
 ['[consonant]-[vowel]', '[consonant]-[vowel]-[consonant]', '[consonant]-[vowel]-[consonant]-[vowel]', '[consonant]-[vowel]-[consonant]-[consonant]-[vowel]', '[consonant]-[vowel]-[consonant]-[vowel]-[consonant]', '[consonant]-[vowel]-[consonant]-[consonant]-[vowel]-[consonant]'] 
 @961737078 
 generator 236@_generate_helper
[2019-10-03 14:08:55] - DEBUG - No CAND type found.(4 required, 0 found)
 uvularization of velars after back non-high vowels ===== [velar,consonant] -> [uvular,mid],[] / [back,mid,vowel] _  or [back,low,vowel] _  
 ['p', 'b', 't', 'd', 'k', 'g', 'f', 's', 'ʃ', 'm', 'n', 'ŋ', 'l', 'w', 'i', 'e', 'ɛ', 'ɔ', 'u', 'ə', 'a'] 
 ['[consonant]-[vowel]', '[consonant]-[vowel]-[consonant]', '[consonant]-[vowel]-[consonant]-[vowel]', '[consonant]-[vowel]-[consonant]-[consonant]-[vowel]', '[consonant]-[vowel]-[consonant]-[vowel]-[consonant]', '[consonant]-[vowel]-[consonant]-[consonant]-[vowel]-[consonant]'] 
 @961737078 
 generator 236@_generate_helper
[2019-10-03 14:08:55] - DEBUG - No NCAD type found.(4 required, 0 found)
 uvularization of velars after back non-high vowels ===== [velar,consonant] -> [uvular,mid],[] / [back,mid,vowel] _  or [back,low,vowel] _  
 ['p', 'b', 't', 'd', 'k', 'g', 'f', 's', 'ʃ', 'm', 'n', 'ŋ', 'l', 'w', 'i', 'e', 'ɛ', 'ɔ', 'u', 'ə', 'a'] 
 ['[consonant]-[vowel]', '[consonant]-[vowel]-[consonant]', '[consonant]-[vowel]-[consonant]-[vowel]', '[consonant]-[vowel]-[consonant]-[consonant]-[vowel]', '[consonant]-[vowel]-[consonant]-[vowel]-[consonant]', '[consonant]-[vowel]-[consonant]-[consonant]-[vowel]-[consonant]'] 
 @961737078 
 generator 236@_generate_helper
[2019-10-03 14:08:55] - DEBUG - 1ST GET: PCS_INDEX 1 CADT 0 CADNT 0 CAND 0 NCAD 0 IRR 2
 
 generator 315@generate
[2019-10-03 14:08:55] - WARNING - Condition Index 1 does not have any related data
 uvularization of velars after back non-high vowels ===== [velar,consonant] -> [uvular,mid],[] / [back,mid,vowel] _  or [back,low,vowel] _  
 ['p', 'b', 't', 'd', 'k', 'g', 'f', 's', 'ʃ', 'm', 'n', 'ŋ', 'l', 'w', 'i', 'e', 'ɛ', 'ɔ', 'u', 'ə', 'a'] 
 ['[consonant]-[vowel]', '[consonant]-[vowel]-[consonant]', '[consonant]-[vowel]-[consonant]-[vowel]', '[consonant]-[vowel]-[consonant]-[consonant]-[vowel]', '[consonant]-[vowel]-[consonant]-[vowel]-[consonant]', '[consonant]-[vowel]-[consonant]-[consonant]-[vowel]-[consonant]'] 
 @961737078 
 generator 319@generate
[2019-10-03 14:08:55] - DEBUG - Data recorded: 
UR [('ŋəʃŋɔŋ', 'few'), ('ŋɔgɔk', 'path'), ('wɔkŋag', 'cat'), ('muŋe', 'clear'), ('lilɔg', 'waterfall'), ('ŋɔkŋig', 'child'), ('gufɔg', 'moon'), ('ŋeŋe', 'those'), ('mɛŋgɛl', 'eyelid'), ('bɛ', 'inland'), ('gɛwa', 'feed'), ('gɔŋ', 'blue'), ('kag', 'she'), ('kiʃlɛk', 'butterfly'), ('gəge', 'beard'), ('fəbɛp', 'talk'), ('lɔkag', 'claw'), ('gɔŋe', 'tribe'), ('lɔka', 'four'), ('kit', 'horse')]
SR [('ŋəʃŋɔɴ', 'few'), ('ŋɔɢɔq', 'path'), ('wɔqŋag', 'cat'), ('muŋe', 'clear'), ('lilɔɢ', 'waterfall'), ('ŋɔqŋig', 'child'), ('gufɔɢ', 'moon'), ('ŋeŋe', 'those'), ('mɛŋgɛl', 'eyelid'), ('bɛ', 'inland'), ('gɛwa', 'feed'), ('gɔɴ', 'blue'), ('kag', 'she'), ('kiʃlɛk', 'butterfly'), ('gəge', 'beard'), ('fəbɛp', 'talk'), ('lɔqag', 'claw'), ('gɔɴe', 'tribe'), ('lɔqa', 'four'), ('kit', 'horse')]
uvularization of velars after back non-high vowels ===== [velar,consonant] -> [uvular,mid],[] / [back,mid,vowel] _  or [back,low,vowel] _  
 ['p', 'b', 't', 'd', 'k', 'g', 'f', 's', 'ʃ', 'm', 'n', 'ŋ', 'l', 'w', 'i', 'e', 'ɛ', 'ɔ', 'u', 'ə', 'a'] 
 ['[consonant]-[vowel]', '[consonant]-[vowel]-[consonant]', '[consonant]-[vowel]-[consonant]-[vowel]', '[consonant]-[vowel]-[consonant]-[consonant]-[vowel]', '[consonant]-[vowel]-[consonant]-[vowel]-[consonant]', '[consonant]-[vowel]-[consonant]-[consonant]-[vowel]-[consonant]'] 
 @961737078
 
 routes 74@_get_valid_data
[2019-10-03 14:08:55] - ERROR - Exception on / [POST] 
 app 1891@log_exception
Traceback (most recent call last):
  File "C:\Users\accel\ProjectHome\phonogenesis-flask\venv\lib\site-packages\flask\app.py", line 2446, in wsgi_app
    response = self.full_dispatch_request()
  File "C:\Users\accel\ProjectHome\phonogenesis-flask\venv\lib\site-packages\flask\app.py", line 1951, in full_dispatch_request
    rv = self.handle_user_exception(e)
  File "C:\Users\accel\ProjectHome\phonogenesis-flask\venv\lib\site-packages\flask\app.py", line 1820, in handle_user_exception
    reraise(exc_type, exc_value, tb)
  File "C:\Users\accel\ProjectHome\phonogenesis-flask\venv\lib\site-packages\flask\_compat.py", line 39, in reraise
    raise value
  File "C:\Users\accel\ProjectHome\phonogenesis-flask\venv\lib\site-packages\flask\app.py", line 1949, in full_dispatch_request
    rv = self.dispatch_request()
  File "C:\Users\accel\ProjectHome\phonogenesis-flask\venv\lib\site-packages\flask\app.py", line 1935, in dispatch_request
    return self.view_functions[rule.endpoint](**req.view_args)
  File "C:\Users\accel\ProjectHome\phonogenesis-flask\app\routes.py", line 31, in index
    return render_template('index.html', title='Result', form=gen_spec_form, data=data, size=size)
  File "C:\Users\accel\ProjectHome\phonogenesis-flask\venv\lib\site-packages\flask\templating.py", line 140, in render_template
    ctx.app,
  File "C:\Users\accel\ProjectHome\phonogenesis-flask\venv\lib\site-packages\flask\templating.py", line 120, in _render
    rv = template.render(context)
  File "C:\Users\accel\ProjectHome\phonogenesis-flask\venv\lib\site-packages\jinja2\asyncsupport.py", line 76, in render
    return original_render(self, *args, **kwargs)
  File "C:\Users\accel\ProjectHome\phonogenesis-flask\venv\lib\site-packages\jinja2\environment.py", line 1008, in render
    return self.environment.handle_exception(exc_info, True)
  File "C:\Users\accel\ProjectHome\phonogenesis-flask\venv\lib\site-packages\jinja2\environment.py", line 780, in handle_exception
    reraise(exc_type, exc_value, tb)
  File "C:\Users\accel\ProjectHome\phonogenesis-flask\venv\lib\site-packages\jinja2\_compat.py", line 37, in reraise
    raise value.with_traceback(tb)
  File "C:\Users\accel\ProjectHome\phonogenesis-flask\app\templates\index.html", line 1, in top-level template code
    {% extends "base.html" %}
  File "C:\Users\accel\ProjectHome\phonogenesis-flask\app\templates\base.html", line 25, in top-level template code
    {% block content %}{% endblock %}
  File "C:\Users\accel\ProjectHome\phonogenesis-flask\app\templates\index.html", line 45, in block "content"
    <td>{{ data['UR'][i][0] }}</td>
  File "C:\Users\accel\ProjectHome\phonogenesis-flask\venv\lib\site-packages\jinja2\environment.py", line 411, in getitem
    return obj[argument]
jinja2.exceptions.UndefinedError: list object has no element 20
